Info: Starting: Create block symbol file (.bsf)
Info: qsys-generate C:\Users\matpi\Desktop\Imperial\Yr2\InfoProc\project\fpga\platform.qsys --block-symbol-file --output-directory=C:\Users\matpi\Desktop\Imperial\Yr2\InfoProc\project\fpga\platform --family="MAX 10" --part=10M50DAF484C7G
Progress: Loading fpga/platform.qsys
Progress: Reading input file
Progress: Adding accelerometer_spi [altera_up_avalon_accelerometer_spi 18.0]
Progress: Parameterizing module accelerometer_spi
Progress: Adding buttons [altera_avalon_pio 18.1]
Progress: Parameterizing module buttons
Progress: Adding clk [clock_source 18.1]
Progress: Parameterizing module clk
Progress: Adding cpu [altera_nios2_gen2 18.1]
Progress: Parameterizing module cpu
Progress: Adding filter_x [altera_avalon_pio 18.1]
Progress: Parameterizing module filter_x
Progress: Adding filter_y [altera_avalon_pio 18.1]
Progress: Parameterizing module filter_y
Progress: Adding filter_z [altera_avalon_pio 18.1]
Progress: Parameterizing module filter_z
Progress: Adding hex0 [altera_avalon_pio 18.1]
Progress: Parameterizing module hex0
Progress: Adding hex1 [altera_avalon_pio 18.1]
Progress: Parameterizing module hex1
Progress: Adding hex2 [altera_avalon_pio 18.1]
Progress: Parameterizing module hex2
Progress: Adding hex3 [altera_avalon_pio 18.1]
Progress: Parameterizing module hex3
Progress: Adding hex4 [altera_avalon_pio 18.1]
Progress: Parameterizing module hex4
Progress: Adding hex5 [altera_avalon_pio 18.1]
Progress: Parameterizing module hex5
Progress: Adding jtag_uart [altera_avalon_jtag_uart 18.1]
Progress: Parameterizing module jtag_uart
Progress: Adding leds [altera_avalon_pio 18.1]
Progress: Parameterizing module leds
Progress: Adding memory [altera_avalon_onchip_memory2 18.1]
Progress: Parameterizing module memory
Progress: Adding switches [altera_avalon_pio 18.1]
Progress: Parameterizing module switches
Progress: Building connections
Progress: Parameterizing connections
Progress: Validating
Progress: Done reading input file
Info: platform.buttons: PIO inputs are not hardwired in test bench. Undefined values will be read from PIO inputs during simulation.
Info: platform.filter_x: PIO inputs are not hardwired in test bench. Undefined values will be read from PIO inputs during simulation.
Info: platform.filter_y: PIO inputs are not hardwired in test bench. Undefined values will be read from PIO inputs during simulation.
Info: platform.filter_z: PIO inputs are not hardwired in test bench. Undefined values will be read from PIO inputs during simulation.
Info: platform.jtag_uart: JTAG UART IP input clock need to be at least double (2x) the operating frequency of JTAG TCK on board
Info: platform.switches: PIO inputs are not hardwired in test bench. Undefined values will be read from PIO inputs during simulation.
Info: qsys-generate succeeded.
Info: Finished: Create block symbol file (.bsf)
Info: 
Info: Starting: Create HDL design files for synthesis
Info: qsys-generate C:\Users\matpi\Desktop\Imperial\Yr2\InfoProc\project\fpga\platform.qsys --synthesis=VERILOG --output-directory=C:\Users\matpi\Desktop\Imperial\Yr2\InfoProc\project\fpga\platform\synthesis --family="MAX 10" --part=10M50DAF484C7G
Progress: Loading fpga/platform.qsys
Progress: Reading input file
Progress: Adding accelerometer_spi [altera_up_avalon_accelerometer_spi 18.0]
Progress: Parameterizing module accelerometer_spi
Progress: Adding buttons [altera_avalon_pio 18.1]
Progress: Parameterizing module buttons
Progress: Adding clk [clock_source 18.1]
Progress: Parameterizing module clk
Progress: Adding cpu [altera_nios2_gen2 18.1]
Progress: Parameterizing module cpu
Progress: Adding filter_x [altera_avalon_pio 18.1]
Progress: Parameterizing module filter_x
Progress: Adding filter_y [altera_avalon_pio 18.1]
Progress: Parameterizing module filter_y
Progress: Adding filter_z [altera_avalon_pio 18.1]
Progress: Parameterizing module filter_z
Progress: Adding hex0 [altera_avalon_pio 18.1]
Progress: Parameterizing module hex0
Progress: Adding hex1 [altera_avalon_pio 18.1]
Progress: Parameterizing module hex1
Progress: Adding hex2 [altera_avalon_pio 18.1]
Progress: Parameterizing module hex2
Progress: Adding hex3 [altera_avalon_pio 18.1]
Progress: Parameterizing module hex3
Progress: Adding hex4 [altera_avalon_pio 18.1]
Progress: Parameterizing module hex4
Progress: Adding hex5 [altera_avalon_pio 18.1]
Progress: Parameterizing module hex5
Progress: Adding jtag_uart [altera_avalon_jtag_uart 18.1]
Progress: Parameterizing module jtag_uart
Progress: Adding leds [altera_avalon_pio 18.1]
Progress: Parameterizing module leds
Progress: Adding memory [altera_avalon_onchip_memory2 18.1]
Progress: Parameterizing module memory
Progress: Adding switches [altera_avalon_pio 18.1]
Progress: Parameterizing module switches
Progress: Building connections
Progress: Parameterizing connections
Progress: Validating
Progress: Done reading input file
Info: platform.buttons: PIO inputs are not hardwired in test bench. Undefined values will be read from PIO inputs during simulation.
Info: platform.filter_x: PIO inputs are not hardwired in test bench. Undefined values will be read from PIO inputs during simulation.
Info: platform.filter_y: PIO inputs are not hardwired in test bench. Undefined values will be read from PIO inputs during simulation.
Info: platform.filter_z: PIO inputs are not hardwired in test bench. Undefined values will be read from PIO inputs during simulation.
Info: platform.jtag_uart: JTAG UART IP input clock need to be at least double (2x) the operating frequency of JTAG TCK on board
Info: platform.switches: PIO inputs are not hardwired in test bench. Undefined values will be read from PIO inputs during simulation.
Info: platform: Generating platform "platform" for QUARTUS_SYNTH
Info: buttons: Starting RTL generation for module 'platform_buttons'
Info: buttons:   Generation command is [exec C:/intelfpga_lite/18.1/quartus/bin64/perl/bin/perl.exe -I C:/intelfpga_lite/18.1/quartus/bin64/perl/lib -I C:/intelfpga_lite/18.1/quartus/sopc_builder/bin/europa -I C:/intelfpga_lite/18.1/quartus/sopc_builder/bin/perl_lib -I C:/intelfpga_lite/18.1/quartus/sopc_builder/bin -I C:/intelfpga_lite/18.1/quartus/../ip/altera/sopc_builder_ip/common -I C:/intelfpga_lite/18.1/quartus/../ip/altera/sopc_builder_ip/altera_avalon_pio -- C:/intelfpga_lite/18.1/quartus/../ip/altera/sopc_builder_ip/altera_avalon_pio/generate_rtl.pl --name=platform_buttons --dir=C:/Users/matpi/AppData/Local/Temp/alt9781_3060408284384780766.dir/0002_buttons_gen/ --quartus_dir=C:/intelfpga_lite/18.1/quartus --verilog --config=C:/Users/matpi/AppData/Local/Temp/alt9781_3060408284384780766.dir/0002_buttons_gen//platform_buttons_component_configuration.pl  --do_build_sim=0  ]
Info: buttons: Done RTL generation for module 'platform_buttons'
Info: buttons: "platform" instantiated altera_avalon_pio "buttons"
Info: cpu: "platform" instantiated altera_nios2_gen2 "cpu"
Info: filter_x: Starting RTL generation for module 'platform_filter_x'
Info: filter_x:   Generation command is [exec C:/intelfpga_lite/18.1/quartus/bin64/perl/bin/perl.exe -I C:/intelfpga_lite/18.1/quartus/bin64/perl/lib -I C:/intelfpga_lite/18.1/quartus/sopc_builder/bin/europa -I C:/intelfpga_lite/18.1/quartus/sopc_builder/bin/perl_lib -I C:/intelfpga_lite/18.1/quartus/sopc_builder/bin -I C:/intelfpga_lite/18.1/quartus/../ip/altera/sopc_builder_ip/common -I C:/intelfpga_lite/18.1/quartus/../ip/altera/sopc_builder_ip/altera_avalon_pio -- C:/intelfpga_lite/18.1/quartus/../ip/altera/sopc_builder_ip/altera_avalon_pio/generate_rtl.pl --name=platform_filter_x --dir=C:/Users/matpi/AppData/Local/Temp/alt9781_3060408284384780766.dir/0003_filter_x_gen/ --quartus_dir=C:/intelfpga_lite/18.1/quartus --verilog --config=C:/Users/matpi/AppData/Local/Temp/alt9781_3060408284384780766.dir/0003_filter_x_gen//platform_filter_x_component_configuration.pl  --do_build_sim=0  ]
Info: filter_x: Done RTL generation for module 'platform_filter_x'
Info: filter_x: "platform" instantiated altera_avalon_pio "filter_x"
Info: hex0: Starting RTL generation for module 'platform_hex0'
Info: hex0:   Generation command is [exec C:/intelfpga_lite/18.1/quartus/bin64/perl/bin/perl.exe -I C:/intelfpga_lite/18.1/quartus/bin64/perl/lib -I C:/intelfpga_lite/18.1/quartus/sopc_builder/bin/europa -I C:/intelfpga_lite/18.1/quartus/sopc_builder/bin/perl_lib -I C:/intelfpga_lite/18.1/quartus/sopc_builder/bin -I C:/intelfpga_lite/18.1/quartus/../ip/altera/sopc_builder_ip/common -I C:/intelfpga_lite/18.1/quartus/../ip/altera/sopc_builder_ip/altera_avalon_pio -- C:/intelfpga_lite/18.1/quartus/../ip/altera/sopc_builder_ip/altera_avalon_pio/generate_rtl.pl --name=platform_hex0 --dir=C:/Users/matpi/AppData/Local/Temp/alt9781_3060408284384780766.dir/0004_hex0_gen/ --quartus_dir=C:/intelfpga_lite/18.1/quartus --verilog --config=C:/Users/matpi/AppData/Local/Temp/alt9781_3060408284384780766.dir/0004_hex0_gen//platform_hex0_component_configuration.pl  --do_build_sim=0  ]
Info: hex0: Done RTL generation for module 'platform_hex0'
Info: hex0: "platform" instantiated altera_avalon_pio "hex0"
Info: jtag_uart: Starting RTL generation for module 'platform_jtag_uart'
Info: jtag_uart:   Generation command is [exec C:/intelfpga_lite/18.1/quartus/bin64/perl/bin/perl.exe -I C:/intelfpga_lite/18.1/quartus/bin64/perl/lib -I C:/intelfpga_lite/18.1/quartus/sopc_builder/bin/europa -I C:/intelfpga_lite/18.1/quartus/sopc_builder/bin/perl_lib -I C:/intelfpga_lite/18.1/quartus/sopc_builder/bin -I C:/intelfpga_lite/18.1/quartus/../ip/altera/sopc_builder_ip/common -I C:/intelfpga_lite/18.1/quartus/../ip/altera/sopc_builder_ip/altera_avalon_jtag_uart -- C:/intelfpga_lite/18.1/quartus/../ip/altera/sopc_builder_ip/altera_avalon_jtag_uart/generate_rtl.pl --name=platform_jtag_uart --dir=C:/Users/matpi/AppData/Local/Temp/alt9781_3060408284384780766.dir/0005_jtag_uart_gen/ --quartus_dir=C:/intelfpga_lite/18.1/quartus --verilog --config=C:/Users/matpi/AppData/Local/Temp/alt9781_3060408284384780766.dir/0005_jtag_uart_gen//platform_jtag_uart_component_configuration.pl  --do_build_sim=0  ]
Info: jtag_uart: Done RTL generation for module 'platform_jtag_uart'
Info: jtag_uart: "platform" instantiated altera_avalon_jtag_uart "jtag_uart"
Info: leds: Starting RTL generation for module 'platform_leds'
Info: leds:   Generation command is [exec C:/intelfpga_lite/18.1/quartus/bin64/perl/bin/perl.exe -I C:/intelfpga_lite/18.1/quartus/bin64/perl/lib -I C:/intelfpga_lite/18.1/quartus/sopc_builder/bin/europa -I C:/intelfpga_lite/18.1/quartus/sopc_builder/bin/perl_lib -I C:/intelfpga_lite/18.1/quartus/sopc_builder/bin -I C:/intelfpga_lite/18.1/quartus/../ip/altera/sopc_builder_ip/common -I C:/intelfpga_lite/18.1/quartus/../ip/altera/sopc_builder_ip/altera_avalon_pio -- C:/intelfpga_lite/18.1/quartus/../ip/altera/sopc_builder_ip/altera_avalon_pio/generate_rtl.pl --name=platform_leds --dir=C:/Users/matpi/AppData/Local/Temp/alt9781_3060408284384780766.dir/0006_leds_gen/ --quartus_dir=C:/intelfpga_lite/18.1/quartus --verilog --config=C:/Users/matpi/AppData/Local/Temp/alt9781_3060408284384780766.dir/0006_leds_gen//platform_leds_component_configuration.pl  --do_build_sim=0  ]
Info: leds: Done RTL generation for module 'platform_leds'
Info: leds: "platform" instantiated altera_avalon_pio "leds"
Info: memory: Starting RTL generation for module 'platform_memory'
Info: memory:   Generation command is [exec C:/intelfpga_lite/18.1/quartus/bin64/perl/bin/perl.exe -I C:/intelfpga_lite/18.1/quartus/bin64/perl/lib -I C:/intelfpga_lite/18.1/quartus/sopc_builder/bin/europa -I C:/intelfpga_lite/18.1/quartus/sopc_builder/bin/perl_lib -I C:/intelfpga_lite/18.1/quartus/sopc_builder/bin -I C:/intelfpga_lite/18.1/quartus/../ip/altera/sopc_builder_ip/common -I C:/intelfpga_lite/18.1/quartus/../ip/altera/sopc_builder_ip/altera_avalon_onchip_memory2 -- C:/intelfpga_lite/18.1/quartus/../ip/altera/sopc_builder_ip/altera_avalon_onchip_memory2/generate_rtl.pl --name=platform_memory --dir=C:/Users/matpi/AppData/Local/Temp/alt9781_3060408284384780766.dir/0007_memory_gen/ --quartus_dir=C:/intelfpga_lite/18.1/quartus --verilog --config=C:/Users/matpi/AppData/Local/Temp/alt9781_3060408284384780766.dir/0007_memory_gen//platform_memory_component_configuration.pl  --do_build_sim=0  ]
Info: memory: Done RTL generation for module 'platform_memory'
Info: memory: "platform" instantiated altera_avalon_onchip_memory2 "memory"
Info: switches: Starting RTL generation for module 'platform_switches'
Info: switches:   Generation command is [exec C:/intelfpga_lite/18.1/quartus/bin64/perl/bin/perl.exe -I C:/intelfpga_lite/18.1/quartus/bin64/perl/lib -I C:/intelfpga_lite/18.1/quartus/sopc_builder/bin/europa -I C:/intelfpga_lite/18.1/quartus/sopc_builder/bin/perl_lib -I C:/intelfpga_lite/18.1/quartus/sopc_builder/bin -I C:/intelfpga_lite/18.1/quartus/../ip/altera/sopc_builder_ip/common -I C:/intelfpga_lite/18.1/quartus/../ip/altera/sopc_builder_ip/altera_avalon_pio -- C:/intelfpga_lite/18.1/quartus/../ip/altera/sopc_builder_ip/altera_avalon_pio/generate_rtl.pl --name=platform_switches --dir=C:/Users/matpi/AppData/Local/Temp/alt9781_3060408284384780766.dir/0008_switches_gen/ --quartus_dir=C:/intelfpga_lite/18.1/quartus --verilog --config=C:/Users/matpi/AppData/Local/Temp/alt9781_3060408284384780766.dir/0008_switches_gen//platform_switches_component_configuration.pl  --do_build_sim=0  ]
Info: switches: Done RTL generation for module 'platform_switches'
Info: switches: "platform" instantiated altera_avalon_pio "switches"
Info: avalon_st_adapter: Inserting error_adapter: error_adapter_0
Info: avalon_st_adapter_001: Inserting error_adapter: error_adapter_0
Info: avalon_st_adapter_002: Inserting error_adapter: error_adapter_0
Info: avalon_st_adapter_003: Inserting error_adapter: error_adapter_0
Info: avalon_st_adapter_004: Inserting error_adapter: error_adapter_0
Info: avalon_st_adapter_005: Inserting error_adapter: error_adapter_0
Info: avalon_st_adapter_006: Inserting error_adapter: error_adapter_0
Info: avalon_st_adapter_007: Inserting error_adapter: error_adapter_0
Info: avalon_st_adapter_008: Inserting error_adapter: error_adapter_0
Info: avalon_st_adapter_009: Inserting error_adapter: error_adapter_0
Info: avalon_st_adapter_010: Inserting error_adapter: error_adapter_0
Info: avalon_st_adapter_011: Inserting error_adapter: error_adapter_0
Info: avalon_st_adapter_012: Inserting error_adapter: error_adapter_0
Info: avalon_st_adapter_013: Inserting error_adapter: error_adapter_0
Info: avalon_st_adapter_014: Inserting error_adapter: error_adapter_0
Info: mm_interconnect_0: "platform" instantiated altera_mm_interconnect "mm_interconnect_0"
Info: irq_mapper: "platform" instantiated altera_irq_mapper "irq_mapper"
Info: rst_controller: "platform" instantiated altera_reset_controller "rst_controller"
Info: cpu: Starting RTL generation for module 'platform_cpu_cpu'
Info: cpu:   Generation command is [exec C:/intelFPGA_lite/18.1/quartus/bin64//eperlcmd.exe -I C:/intelFPGA_lite/18.1/quartus/bin64//perl/lib -I C:/intelfpga_lite/18.1/quartus/sopc_builder/bin/europa -I C:/intelfpga_lite/18.1/quartus/sopc_builder/bin/perl_lib -I C:/intelfpga_lite/18.1/quartus/sopc_builder/bin -I C:/intelfpga_lite/18.1/quartus/../ip/altera/nios2_ip/altera_nios2_gen2/cpu_lib -I C:/intelfpga_lite/18.1/quartus/../ip/altera/nios2_ip/altera_nios2_gen2/nios_lib -I C:/intelfpga_lite/18.1/quartus/../ip/altera/nios2_ip/altera_nios2_gen2 -I C:/intelfpga_lite/18.1/quartus/../ip/altera/nios2_ip/altera_nios2_gen2 -- C:/intelfpga_lite/18.1/quartus/../ip/altera/nios2_ip/altera_nios2_gen2/generate_rtl.epl --name=platform_cpu_cpu --dir=C:/Users/matpi/AppData/Local/Temp/alt9781_3060408284384780766.dir/0011_cpu_gen/ --quartus_bindir=C:/intelFPGA_lite/18.1/quartus/bin64/ --verilog --config=C:/Users/matpi/AppData/Local/Temp/alt9781_3060408284384780766.dir/0011_cpu_gen//platform_cpu_cpu_processor_configuration.pl  --do_build_sim=0  ]
Info: cpu: # 2024.02.28 17:01:32 (*) Starting Nios II generation
Info: cpu: # 2024.02.28 17:01:32 (*)   Checking for plaintext license.
Info: cpu: # 2024.02.28 17:01:33 (*)   Couldn't query license setup in Quartus directory C:/intelFPGA_lite/18.1/quartus/bin64/
Info: cpu: # 2024.02.28 17:01:33 (*)   Defaulting to contents of LM_LICENSE_FILE environment variable
Info: cpu: # 2024.02.28 17:01:33 (*)   LM_LICENSE_FILE environment variable is empty
Info: cpu: # 2024.02.28 17:01:33 (*)   Plaintext license not found.
Info: cpu: # 2024.02.28 17:01:33 (*)   No license required to generate encrypted Nios II/e.
Info: cpu: # 2024.02.28 17:01:33 (*)   Elaborating CPU configuration settings
Info: cpu: # 2024.02.28 17:01:33 (*)   Creating all objects for CPU
Info: cpu: # 2024.02.28 17:01:33 (*)   Generating RTL from CPU objects
Info: cpu: # 2024.02.28 17:01:33 (*)   Creating plain-text RTL
Info: cpu: # 2024.02.28 17:01:34 (*) Done Nios II generation
Info: cpu: Done RTL generation for module 'platform_cpu_cpu'
Info: cpu: "cpu" instantiated altera_nios2_gen2_unit "cpu"
Info: cpu_data_master_translator: "mm_interconnect_0" instantiated altera_merlin_master_translator "cpu_data_master_translator"
Info: jtag_uart_avalon_jtag_slave_translator: "mm_interconnect_0" instantiated altera_merlin_slave_translator "jtag_uart_avalon_jtag_slave_translator"
Info: cpu_data_master_agent: "mm_interconnect_0" instantiated altera_merlin_master_agent "cpu_data_master_agent"
Info: jtag_uart_avalon_jtag_slave_agent: "mm_interconnect_0" instantiated altera_merlin_slave_agent "jtag_uart_avalon_jtag_slave_agent"
Info: jtag_uart_avalon_jtag_slave_agent_rsp_fifo: "mm_interconnect_0" instantiated altera_avalon_sc_fifo "jtag_uart_avalon_jtag_slave_agent_rsp_fifo"
Info: router: "mm_interconnect_0" instantiated altera_merlin_router "router"
Info: router_001: "mm_interconnect_0" instantiated altera_merlin_router "router_001"
Info: router_002: "mm_interconnect_0" instantiated altera_merlin_router "router_002"
Info: router_003: "mm_interconnect_0" instantiated altera_merlin_router "router_003"
Info: cmd_demux: "mm_interconnect_0" instantiated altera_merlin_demultiplexer "cmd_demux"
Info: cmd_demux_001: "mm_interconnect_0" instantiated altera_merlin_demultiplexer "cmd_demux_001"
Info: cmd_mux: "mm_interconnect_0" instantiated altera_merlin_multiplexer "cmd_mux"
Info: cmd_mux_001: "mm_interconnect_0" instantiated altera_merlin_multiplexer "cmd_mux_001"
Info: Reusing file C:/Users/matpi/Desktop/Imperial/Yr2/InfoProc/project/fpga/platform/synthesis/submodules/altera_merlin_arbitrator.sv
Info: rsp_demux: "mm_interconnect_0" instantiated altera_merlin_demultiplexer "rsp_demux"
Info: rsp_mux: "mm_interconnect_0" instantiated altera_merlin_multiplexer "rsp_mux"
Info: Reusing file C:/Users/matpi/Desktop/Imperial/Yr2/InfoProc/project/fpga/platform/synthesis/submodules/altera_merlin_arbitrator.sv
Info: rsp_mux_001: "mm_interconnect_0" instantiated altera_merlin_multiplexer "rsp_mux_001"
Info: Reusing file C:/Users/matpi/Desktop/Imperial/Yr2/InfoProc/project/fpga/platform/synthesis/submodules/altera_merlin_arbitrator.sv
Info: avalon_st_adapter: "mm_interconnect_0" instantiated altera_avalon_st_adapter "avalon_st_adapter"
Info: error_adapter_0: "avalon_st_adapter" instantiated error_adapter "error_adapter_0"
Info: platform: Done "platform" with 31 modules, 43 files
Info: qsys-generate succeeded.
Info: Finished: Create HDL design files for synthesis
